app/build/intermediates/manifest_merge_blame_file/debug/manifest-merger-blame-debug-report.txt
1<?xml version="1.0" encoding="utf-8"?>
2<manifest xmlns:android="http://schemas.android.com/apk/res/android"
3    package="com.sherdle.universal"
4    android:versionCode="1"
5    android:versionName="1.0" >
6
7    <uses-sdk
8        android:minSdkVersion="19"
8-->src/main/AndroidManifest.xml
9        android:targetSdkVersion="33" />
9-->src/main/AndroidManifest.xml
10
11    <!-- Always Required to get content and check if internet is available -->
12    <uses-permission android:name="android.permission.ACCESS_WIFI_STATE" />
12-->src/main/AndroidManifest.xml:6:5-76
12-->src/main/AndroidManifest.xml:6:22-73
13    <uses-permission android:name="android.permission.ACCESS_NETWORK_STATE" />
13-->src/main/AndroidManifest.xml:7:5-79
13-->src/main/AndroidManifest.xml:7:22-76
14    <uses-permission android:name="android.permission.INTERNET" />
14-->src/main/AndroidManifest.xml:8:5-67
14-->src/main/AndroidManifest.xml:8:22-64
15    <!-- Always Required for image coaching & maps -->
16    <uses-permission
16-->src/main/AndroidManifest.xml:10:5-108
17        android:name="android.permission.WRITE_EXTERNAL_STORAGE"
17-->src/main/AndroidManifest.xml:10:22-78
18        android:maxSdkVersion="28" />
18-->src/main/AndroidManifest.xml:10:79-105
19    <uses-permission android:name="android.permission.READ_EXTERNAL_STORAGE" />
19-->src/main/AndroidManifest.xml:11:5-80
19-->src/main/AndroidManifest.xml:11:22-77
20
21    <!-- Required for notifications & radio -->
22    <uses-permission android:name="android.permission.WAKE_LOCK" />
22-->src/main/AndroidManifest.xml:14:5-68
22-->src/main/AndroidManifest.xml:14:22-65
23    <!-- Required for maps -->
24    <uses-permission android:name="com.google.android.providers.gsf.permission.READ_GSERVICES" />
24-->src/main/AndroidManifest.xml:16:5-98
24-->src/main/AndroidManifest.xml:16:22-95
25    <uses-permission android:name="android.permission.ACCESS_FINE_LOCATION" />
25-->src/main/AndroidManifest.xml:17:5-79
25-->src/main/AndroidManifest.xml:17:22-76
26    <uses-permission android:name="android.permission.ACCESS_COARSE_LOCATION" />
26-->src/main/AndroidManifest.xml:18:5-80
26-->src/main/AndroidManifest.xml:18:22-78
27    <!-- Required for visualizer & radio -->
28    <uses-permission android:name="android.permission.RECORD_AUDIO" />
28-->src/main/AndroidManifest.xml:20:5-71
28-->src/main/AndroidManifest.xml:20:22-68
29    <uses-permission android:name="android.permission.MODIFY_AUDIO_SETTINGS" />
29-->src/main/AndroidManifest.xml:21:5-80
29-->src/main/AndroidManifest.xml:21:22-77
30    <uses-permission android:name="android.permission.FOREGROUND_SERVICE" />
30-->src/main/AndroidManifest.xml:22:5-77
30-->src/main/AndroidManifest.xml:22:22-74
31    <!-- Required for tumblr -->
32    <uses-permission android:name="android.permission.SET_WALLPAPER" />
32-->src/main/AndroidManifest.xml:24:5-72
32-->src/main/AndroidManifest.xml:24:22-69
33    <!-- Required for in-app purchases -->
34    <uses-permission android:name="com.android.vending.BILLING" />
34-->src/main/AndroidManifest.xml:26:5-67
34-->src/main/AndroidManifest.xml:26:22-64
35
36    <uses-feature
36-->src/main/AndroidManifest.xml:28:5-30:35
37        android:glEsVersion="0x00020000"
37-->src/main/AndroidManifest.xml:29:9-41
38        android:required="true" />
38-->src/main/AndroidManifest.xml:30:9-32
39
40    <queries>
40-->src/main/AndroidManifest.xml:156:5-170:15
41        <intent>
41-->src/main/AndroidManifest.xml:157:9-159:18
42            <action android:name="com.google.android.youtube.api.service.START" />
42-->src/main/AndroidManifest.xml:158:13-82
42-->src/main/AndroidManifest.xml:158:21-80
43        </intent>
44        <intent>
44-->src/main/AndroidManifest.xml:160:9-164:18
45            <action android:name="android.intent.action.VIEW" />
45-->src/main/AndroidManifest.xml:161:13-65
45-->src/main/AndroidManifest.xml:161:21-62
46
47            <category android:name="android.intent.category.BROWSABLE" />
47-->src/main/AndroidManifest.xml:162:13-74
47-->src/main/AndroidManifest.xml:162:23-71
48
49            <data android:scheme="https" />
49-->src/main/AndroidManifest.xml:163:13-44
49-->src/main/AndroidManifest.xml:163:19-41
50        </intent>
51        <intent>
51-->src/main/AndroidManifest.xml:165:9-169:18
52            <action android:name="android.intent.action.VIEW" />
52-->src/main/AndroidManifest.xml:161:13-65
52-->src/main/AndroidManifest.xml:161:21-62
53
54            <category android:name="android.intent.category.BROWSABLE" />
54-->src/main/AndroidManifest.xml:162:13-74
54-->src/main/AndroidManifest.xml:162:23-71
55
56            <data android:scheme="http" />
56-->src/main/AndroidManifest.xml:163:13-44
56-->src/main/AndroidManifest.xml:163:19-41
57        </intent>
58
59        <package android:name="com.google.android.gms.policy_cast_dynamite" /> <!-- Needs to be explicitly declared on Android R+ -->
59-->[com.google.android.gms:play-services-cast-framework:21.2.0] AndroidManifest.xml:13:9-79
59-->[com.google.android.gms:play-services-cast-framework:21.2.0] AndroidManifest.xml:13:18-76
60        <package android:name="com.google.android.apps.maps" /> <!-- End of browser content -->
60-->[com.google.android.gms:play-services-maps:18.0.2] AndroidManifest.xml:33:9-64
60-->[com.google.android.gms:play-services-maps:18.0.2] AndroidManifest.xml:33:18-61
61        <!-- For CustomTabsService -->
62        <intent>
62-->[com.google.android.gms:play-services-ads-lite:22.0.0] AndroidManifest.xml:44:9-46:18
63            <action android:name="android.support.customtabs.action.CustomTabsService" />
63-->[com.google.android.gms:play-services-ads-lite:22.0.0] AndroidManifest.xml:45:13-90
63-->[com.google.android.gms:play-services-ads-lite:22.0.0] AndroidManifest.xml:45:21-87
64        </intent>
65    </queries>
66
67    <!-- Create a unique permission for your app and use it so only your app can receive your OneSignal messages. -->
68    <permission
68-->[com.onesignal:OneSignal:4.8.6] AndroidManifest.xml:7:5-9:47
69        android:name="com.sherdle.universal.permission.C2D_MESSAGE"
69-->[com.onesignal:OneSignal:4.8.6] AndroidManifest.xml:8:9-63
70        android:protectionLevel="signature" />
70-->[com.onesignal:OneSignal:4.8.6] AndroidManifest.xml:9:9-44
71
72    <uses-permission android:name="com.sherdle.universal.permission.C2D_MESSAGE" /> <!-- OneSignal SDK has runtime checks Android version. -->
72-->[com.onesignal:OneSignal:4.8.6] AndroidManifest.xml:11:5-79
72-->[com.onesignal:OneSignal:4.8.6] AndroidManifest.xml:11:22-76
73    <!-- <uses-sdk tools:overrideLibrary="android.support.customtabs"/> -->
74    <!-- Required runtime permission to display notifications on Android 13 -->
75    <uses-permission android:name="android.permission.POST_NOTIFICATIONS" /> <!-- c2dm RECEIVE are basic requirements for push messages through Google's FCM -->
75-->[com.onesignal:OneSignal:4.8.6] AndroidManifest.xml:16:5-77
75-->[com.onesignal:OneSignal:4.8.6] AndroidManifest.xml:16:22-74
76    <uses-permission android:name="com.google.android.c2dm.permission.RECEIVE" />
76-->[com.onesignal:OneSignal:4.8.6] AndroidManifest.xml:18:5-82
76-->[com.onesignal:OneSignal:4.8.6] AndroidManifest.xml:18:22-79
77    <!--
78 Required so the device vibrates on receiving a push notification.
79         Vibration settings of the device still apply.
80    -->
81    <uses-permission android:name="android.permission.VIBRATE" />
81-->[com.onesignal:OneSignal:4.8.6] AndroidManifest.xml:24:5-66
81-->[com.onesignal:OneSignal:4.8.6] AndroidManifest.xml:24:22-63
82    <!--
83 Use to restore notifications the user hasn't interacted with.
84         They could be missed notifications if the user reboots their device if this isn't in place.
85    -->
86    <uses-permission android:name="android.permission.RECEIVE_BOOT_COMPLETED" /> <!-- START: ShortcutBadger -->
86-->[com.onesignal:OneSignal:4.8.6] AndroidManifest.xml:30:5-81
86-->[com.onesignal:OneSignal:4.8.6] AndroidManifest.xml:30:22-78
87    <!-- Samsung -->
88    <uses-permission android:name="com.sec.android.provider.badge.permission.READ" />
88-->[com.onesignal:OneSignal:4.8.6] AndroidManifest.xml:32:5-86
88-->[com.onesignal:OneSignal:4.8.6] AndroidManifest.xml:32:22-83
89    <uses-permission android:name="com.sec.android.provider.badge.permission.WRITE" /> <!-- HTC -->
89-->[com.onesignal:OneSignal:4.8.6] AndroidManifest.xml:33:5-87
89-->[com.onesignal:OneSignal:4.8.6] AndroidManifest.xml:33:22-84
90    <uses-permission android:name="com.htc.launcher.permission.READ_SETTINGS" />
90-->[com.onesignal:OneSignal:4.8.6] AndroidManifest.xml:34:5-81
90-->[com.onesignal:OneSignal:4.8.6] AndroidManifest.xml:34:22-78
91    <uses-permission android:name="com.htc.launcher.permission.UPDATE_SHORTCUT" /> <!-- Sony -->
91-->[com.onesignal:OneSignal:4.8.6] AndroidManifest.xml:35:5-83
91-->[com.onesignal:OneSignal:4.8.6] AndroidManifest.xml:35:22-80
92    <uses-permission android:name="com.sonyericsson.home.permission.BROADCAST_BADGE" />
92-->[com.onesignal:OneSignal:4.8.6] AndroidManifest.xml:36:5-88
92-->[com.onesignal:OneSignal:4.8.6] AndroidManifest.xml:36:22-85
93    <uses-permission android:name="com.sonymobile.home.permission.PROVIDER_INSERT_BADGE" /> <!-- Apex -->
93-->[com.onesignal:OneSignal:4.8.6] AndroidManifest.xml:37:5-92
93-->[com.onesignal:OneSignal:4.8.6] AndroidManifest.xml:37:22-89
94    <uses-permission android:name="com.anddoes.launcher.permission.UPDATE_COUNT" /> <!-- Solid -->
94-->[com.onesignal:OneSignal:4.8.6] AndroidManifest.xml:38:5-84
94-->[com.onesignal:OneSignal:4.8.6] AndroidManifest.xml:38:22-81
95    <uses-permission android:name="com.majeur.launcher.permission.UPDATE_BADGE" /> <!-- Huawei -->
95-->[com.onesignal:OneSignal:4.8.6] AndroidManifest.xml:39:5-83
95-->[com.onesignal:OneSignal:4.8.6] AndroidManifest.xml:39:22-80
96    <uses-permission android:name="com.huawei.android.launcher.permission.CHANGE_BADGE" />
96-->[com.onesignal:OneSignal:4.8.6] AndroidManifest.xml:40:5-91
96-->[com.onesignal:OneSignal:4.8.6] AndroidManifest.xml:40:22-88
97    <uses-permission android:name="com.huawei.android.launcher.permission.READ_SETTINGS" />
97-->[com.onesignal:OneSignal:4.8.6] AndroidManifest.xml:41:5-92
97-->[com.onesignal:OneSignal:4.8.6] AndroidManifest.xml:41:22-89
98    <uses-permission android:name="com.huawei.android.launcher.permission.WRITE_SETTINGS" /> <!-- ZUK -->
98-->[com.onesignal:OneSignal:4.8.6] AndroidManifest.xml:42:5-93
98-->[com.onesignal:OneSignal:4.8.6] AndroidManifest.xml:42:22-90
99    <uses-permission android:name="android.permission.READ_APP_BADGE" /> <!-- OPPO -->
99-->[com.onesignal:OneSignal:4.8.6] AndroidManifest.xml:43:5-73
99-->[com.onesignal:OneSignal:4.8.6] AndroidManifest.xml:43:22-70
100    <uses-permission android:name="com.oppo.launcher.permission.READ_SETTINGS" />
100-->[com.onesignal:OneSignal:4.8.6] AndroidManifest.xml:44:5-82
100-->[com.onesignal:OneSignal:4.8.6] AndroidManifest.xml:44:22-79
101    <uses-permission android:name="com.oppo.launcher.permission.WRITE_SETTINGS" /> <!-- EvMe -->
101-->[com.onesignal:OneSignal:4.8.6] AndroidManifest.xml:45:5-83
101-->[com.onesignal:OneSignal:4.8.6] AndroidManifest.xml:45:22-80
102    <uses-permission android:name="me.everything.badger.permission.BADGE_COUNT_READ" />
102-->[com.onesignal:OneSignal:4.8.6] AndroidManifest.xml:46:5-88
102-->[com.onesignal:OneSignal:4.8.6] AndroidManifest.xml:46:22-85
103    <uses-permission android:name="me.everything.badger.permission.BADGE_COUNT_WRITE" />
103-->[com.onesignal:OneSignal:4.8.6] AndroidManifest.xml:47:5-89
103-->[com.onesignal:OneSignal:4.8.6] AndroidManifest.xml:47:22-86
104    <uses-permission android:name="com.google.android.finsky.permission.BIND_GET_INSTALL_REFERRER_SERVICE" />
104-->[com.google.android.gms:play-services-measurement:20.1.2] AndroidManifest.xml:26:5-110
104-->[com.google.android.gms:play-services-measurement:20.1.2] AndroidManifest.xml:26:22-107
105    <uses-permission android:name="com.google.android.gms.permission.AD_ID" />
105-->[com.google.android.gms:play-services-measurement-impl:20.1.2] AndroidManifest.xml:27:5-79
105-->[com.google.android.gms:play-services-measurement-impl:20.1.2] AndroidManifest.xml:27:22-76
106
107    <application
107-->src/main/AndroidManifest.xml:32:5-154:19
108        android:name="com.sherdle.universal.App"
108-->src/main/AndroidManifest.xml:33:9-28
109        android:allowBackup="true"
109-->src/main/AndroidManifest.xml:34:9-35
110        android:appComponentFactory="androidx.core.app.CoreComponentFactory"
110-->[androidx.core:core:1.7.0] AndroidManifest.xml:24:18-86
111        android:debuggable="true"
112        android:icon="@drawable/ic_launcher"
112-->src/main/AndroidManifest.xml:35:9-45
113        android:label="@string/app_name"
113-->src/main/AndroidManifest.xml:36:9-41
114        android:supportsRtl="true"
114-->src/main/AndroidManifest.xml:37:9-35
115        android:theme="@style/AppTheme"
115-->src/main/AndroidManifest.xml:39:9-40
116        android:usesCleartextTraffic="true" >
116-->src/main/AndroidManifest.xml:38:9-44
117        <meta-data
117-->src/main/AndroidManifest.xml:43:9-45:51
118            android:name="com.google.android.gms.ads.APPLICATION_ID"
118-->src/main/AndroidManifest.xml:44:13-69
119            android:value="@string/admob_app_id" />
119-->src/main/AndroidManifest.xml:45:13-49
120
121        <!-- Activities -->
122        <activity
122-->src/main/AndroidManifest.xml:48:9-59:20
123            android:name="com.sherdle.universal.MainActivity"
123-->src/main/AndroidManifest.xml:49:13-41
124            android:configChanges="orientation|screenSize"
124-->src/main/AndroidManifest.xml:50:13-59
125            android:exported="true"
125-->src/main/AndroidManifest.xml:53:13-36
126            android:label="@string/app_name"
126-->src/main/AndroidManifest.xml:52:13-45
127            android:theme="@style/AppTheme.Launcher" >
127-->src/main/AndroidManifest.xml:51:13-53
128            <intent-filter>
128-->src/main/AndroidManifest.xml:54:13-58:29
129                <action android:name="android.intent.action.MAIN" />
129-->src/main/AndroidManifest.xml:55:17-69
129-->src/main/AndroidManifest.xml:55:25-66
130
131                <category android:name="android.intent.category.LAUNCHER" />
131-->src/main/AndroidManifest.xml:57:17-77
131-->src/main/AndroidManifest.xml:57:27-74
132            </intent-filter>
133        </activity>
134        <activity android:name="com.sherdle.universal.providers.rss.ui.RssDetailActivity" />
134-->src/main/AndroidManifest.xml:60:9-72
134-->src/main/AndroidManifest.xml:60:19-69
135        <activity android:name="com.sherdle.universal.providers.videos.ui.VideoDetailActivity" />
135-->src/main/AndroidManifest.xml:61:9-77
135-->src/main/AndroidManifest.xml:61:19-74
136        <activity android:name="com.sherdle.universal.providers.wordpress.ui.WordpressDetailActivity" />
136-->src/main/AndroidManifest.xml:62:9-84
136-->src/main/AndroidManifest.xml:62:19-81
137        <activity android:name="com.sherdle.universal.providers.woocommerce.ui.ProductActivity" />
137-->src/main/AndroidManifest.xml:63:9-78
137-->src/main/AndroidManifest.xml:63:19-75
138        <activity
138-->src/main/AndroidManifest.xml:64:9-66:62
139            android:name="com.sherdle.universal.comments.CommentsActivity"
139-->src/main/AndroidManifest.xml:65:13-54
140            android:configChanges="orientation|screenSize" />
140-->src/main/AndroidManifest.xml:66:13-59
141        <activity
141-->src/main/AndroidManifest.xml:67:9-69:62
142            android:name="com.sherdle.universal.HolderActivity"
142-->src/main/AndroidManifest.xml:68:13-43
143            android:configChanges="orientation|screenSize" />
143-->src/main/AndroidManifest.xml:69:13-59
144        <activity
144-->src/main/AndroidManifest.xml:70:9-72:62
145            android:name="com.sherdle.universal.attachmentviewer.ui.AttachmentActivity"
145-->src/main/AndroidManifest.xml:71:13-67
146            android:configChanges="orientation|screenSize" />
146-->src/main/AndroidManifest.xml:72:13-59
147        <activity
147-->src/main/AndroidManifest.xml:73:9-75:62
148            android:name="com.sherdle.universal.attachmentviewer.ui.AudioPlayerActivity"
148-->src/main/AndroidManifest.xml:74:13-68
149            android:configChanges="orientation|screenSize" />
149-->src/main/AndroidManifest.xml:75:13-59
150        <activity
150-->src/main/AndroidManifest.xml:76:9-78:62
151            android:name="com.sherdle.universal.attachmentviewer.ui.VideoPlayerActivity"
151-->src/main/AndroidManifest.xml:77:13-68
152            android:configChanges="orientation|screenSize" />
152-->src/main/AndroidManifest.xml:78:13-59
153        <activity
153-->src/main/AndroidManifest.xml:79:9-81:62
154            android:name="com.sherdle.universal.providers.woocommerce.ui.CheckoutActivity"
154-->src/main/AndroidManifest.xml:80:13-70
155            android:configChanges="orientation|screenSize" />
155-->src/main/AndroidManifest.xml:81:13-59
156        <activity
156-->src/main/AndroidManifest.xml:82:9-85:71
157            android:name="com.sherdle.universal.providers.woocommerce.ui.WooCommerceLoginActivity"
157-->src/main/AndroidManifest.xml:83:13-78
158            android:configChanges="orientation|screenSize"
158-->src/main/AndroidManifest.xml:84:13-59
159            android:theme="@style/Theme.AppCompat.Light.NoActionBar" />
159-->src/main/AndroidManifest.xml:85:13-69
160        <activity
160-->src/main/AndroidManifest.xml:86:9-90:71
161            android:name="com.sherdle.universal.providers.videos.player.YouTubePlayerActivity"
161-->src/main/AndroidManifest.xml:87:13-74
162            android:configChanges="keyboardHidden|orientation|screenSize"
162-->src/main/AndroidManifest.xml:88:13-74
163            android:screenOrientation="sensor"
163-->src/main/AndroidManifest.xml:89:13-47
164            android:theme="@style/Theme.AppCompat.Light.NoActionBar" />
164-->src/main/AndroidManifest.xml:90:13-69
165
166        <!-- Services -->
167        <service
167-->src/main/AndroidManifest.xml:94:9-96:40
168            android:name="com.sherdle.universal.providers.audio.player.player.PlaybackService"
168-->src/main/AndroidManifest.xml:95:13-74
169            android:exported="false" />
169-->src/main/AndroidManifest.xml:96:13-37
170        <service android:name="com.sherdle.universal.providers.radio.player.RadioService" />
170-->src/main/AndroidManifest.xml:97:9-72
170-->src/main/AndroidManifest.xml:97:18-69
171        <service android:name="com.sherdle.universal.attachmentviewer.MusicService" />
171-->src/main/AndroidManifest.xml:98:9-66
171-->src/main/AndroidManifest.xml:98:18-63
172
173        <!--
174        A receiver that will receive media buttons and send as
175        intents to your MediaBrowserServiceCompat implementation.
176        Required on pre-Lollipop. More information at
177        http://developer.android.com/reference/android/support/v4/media/session/MediaButtonReceiver.html
178        -->
179        <receiver
179-->src/main/AndroidManifest.xml:106:9-111:20
180            android:name="androidx.media.session.MediaButtonReceiver"
180-->src/main/AndroidManifest.xml:106:19-76
181            android:exported="false" >
181-->src/main/AndroidManifest.xml:107:13-37
182            <intent-filter>
182-->src/main/AndroidManifest.xml:108:13-110:29
183                <action android:name="android.intent.action.MEDIA_BUTTON" />
183-->src/main/AndroidManifest.xml:109:17-77
183-->src/main/AndroidManifest.xml:109:25-74
184            </intent-filter>
185        </receiver>
186        <receiver
186-->src/main/AndroidManifest.xml:112:9-117:20
187            android:name="com.sherdle.universal.providers.audio.player.media.MediaSessionReceiver"
187-->src/main/AndroidManifest.xml:112:19-84
188            android:exported="false" >
188-->src/main/AndroidManifest.xml:113:13-37
189            <intent-filter>
189-->src/main/AndroidManifest.xml:108:13-110:29
190                <action android:name="android.intent.action.MEDIA_BUTTON" />
190-->src/main/AndroidManifest.xml:109:17-77
190-->src/main/AndroidManifest.xml:109:25-74
191            </intent-filter>
192        </receiver>
193        <!--
194        <receiver android:name=".providers.soundcloud.player.player.PlayerReceiver">
195            <intent-filter>
196                <action android:name="android.media.AUDIO_BECOMING_NOISY" />
197            </intent-filter>
198        </receiver>
199        -->
200
201
202        <!-- Meta Data -->
203        <meta-data
203-->src/main/AndroidManifest.xml:125:9-127:39
204            android:name="com.onesignal.NotificationOpened.DEFAULT"
204-->src/main/AndroidManifest.xml:126:13-68
205            android:value="DISABLE" />
205-->src/main/AndroidManifest.xml:127:13-36
206        <meta-data
206-->src/main/AndroidManifest.xml:128:9-130:55
207            android:name="com.google.android.maps.v2.API_KEY"
207-->src/main/AndroidManifest.xml:129:13-62
208            android:value="@string/google_maps_key" />
208-->src/main/AndroidManifest.xml:130:13-52
209        <meta-data
209-->src/main/AndroidManifest.xml:131:9-133:35
210            android:name="com.google.android.gms.ads.AD_MANAGER_APP"
210-->src/main/AndroidManifest.xml:132:13-69
211            android:value="true" />
211-->src/main/AndroidManifest.xml:133:13-33
212        <meta-data
213            android:name="firebase_crashlytics_collection_enabled"
213-->src/main/AndroidManifest.xml:135:13-67
214            android:value="false" />
214-->src/main/AndroidManifest.xml:136:13-50
215
216        <provider
217            android:name="androidx.core.content.FileProvider"
217-->src/main/AndroidManifest.xml:139:13-62
218            android:authorities="com.sherdle.universal.provider"
218-->src/main/AndroidManifest.xml:140:13-60
219            android:exported="false"
219-->src/main/AndroidManifest.xml:141:13-37
220            android:grantUriPermissions="true" >
220-->src/main/AndroidManifest.xml:142:13-47
221            <meta-data
221-->src/main/AndroidManifest.xml:143:13-145:58
222                android:name="android.support.FILE_PROVIDER_PATHS"
222-->src/main/AndroidManifest.xml:144:17-67
223                android:resource="@xml/provider_paths" />
223-->src/main/AndroidManifest.xml:145:17-55
224        </provider>
225        <provider
225-->[com.squareup.picasso:picasso:2.71828] AndroidManifest.xml:8:9-11:40
226            android:name="com.squareup.picasso.PicassoProvider"
226-->[com.squareup.picasso:picasso:2.71828] AndroidManifest.xml:9:13-64
227            android:authorities="com.sherdle.universal.com.squareup.picasso"
227-->[com.squareup.picasso:picasso:2.71828] AndroidManifest.xml:10:13-72
228            android:exported="false" />
228-->[com.squareup.picasso:picasso:2.71828] AndroidManifest.xml:11:13-37
229
230        <receiver
230-->[com.onesignal:OneSignal:4.8.6] AndroidManifest.xml:50:9-61:20
231            android:name="com.onesignal.FCMBroadcastReceiver"
231-->[com.onesignal:OneSignal:4.8.6] AndroidManifest.xml:51:13-62
232            android:exported="true"
232-->[com.onesignal:OneSignal:4.8.6] AndroidManifest.xml:52:13-36
233            android:permission="com.google.android.c2dm.permission.SEND" >
233-->[com.onesignal:OneSignal:4.8.6] AndroidManifest.xml:53:13-73
234
235            <!-- High priority so OneSignal payloads can be filtered from other FCM receivers -->
236            <intent-filter android:priority="999" >
236-->[com.onesignal:OneSignal:4.8.6] AndroidManifest.xml:56:13-60:29
236-->[com.onesignal:OneSignal:4.8.6] AndroidManifest.xml:56:28-50
237                <action android:name="com.google.android.c2dm.intent.RECEIVE" />
237-->[com.onesignal:OneSignal:4.8.6] AndroidManifest.xml:57:17-81
237-->[com.onesignal:OneSignal:4.8.6] AndroidManifest.xml:57:25-78
238
239                <category android:name="com.sherdle.universal" />
239-->[com.onesignal:OneSignal:4.8.6] AndroidManifest.xml:59:17-61
239-->[com.onesignal:OneSignal:4.8.6] AndroidManifest.xml:59:27-58
240            </intent-filter>
241        </receiver>
242
243        <service
243-->[com.onesignal:OneSignal:4.8.6] AndroidManifest.xml:63:9-69:19
244            android:name="com.onesignal.HmsMessageServiceOneSignal"
244-->[com.onesignal:OneSignal:4.8.6] AndroidManifest.xml:64:13-68
245            android:exported="false" >
245-->[com.onesignal:OneSignal:4.8.6] AndroidManifest.xml:65:13-37
246            <intent-filter>
246-->[com.onesignal:OneSignal:4.8.6] AndroidManifest.xml:66:13-68:29
247                <action android:name="com.huawei.push.action.MESSAGING_EVENT" />
247-->[com.onesignal:OneSignal:4.8.6] AndroidManifest.xml:67:17-81
247-->[com.onesignal:OneSignal:4.8.6] AndroidManifest.xml:67:25-78
248            </intent-filter>
249        </service>
250
251        <activity
251-->[com.onesignal:OneSignal:4.8.6] AndroidManifest.xml:71:9-79:20
252            android:name="com.onesignal.NotificationOpenedActivityHMS"
252-->[com.onesignal:OneSignal:4.8.6] AndroidManifest.xml:72:13-71
253            android:exported="true"
253-->[com.onesignal:OneSignal:4.8.6] AndroidManifest.xml:73:13-36
254            android:noHistory="true"
254-->[com.onesignal:OneSignal:4.8.6] AndroidManifest.xml:74:13-37
255            android:theme="@android:style/Theme.Translucent.NoTitleBar" >
255-->[com.onesignal:OneSignal:4.8.6] AndroidManifest.xml:75:13-72
256            <intent-filter>
256-->[com.onesignal:OneSignal:4.8.6] AndroidManifest.xml:76:13-78:29
257                <action android:name="android.intent.action.VIEW" />
257-->src/main/AndroidManifest.xml:161:13-65
257-->src/main/AndroidManifest.xml:161:21-62
258            </intent-filter>
259        </activity>
260
261        <service
261-->[com.onesignal:OneSignal:4.8.6] AndroidManifest.xml:81:9-83:40
262            android:name="com.onesignal.FCMIntentService"
262-->[com.onesignal:OneSignal:4.8.6] AndroidManifest.xml:82:13-58
263            android:exported="false" />
263-->[com.onesignal:OneSignal:4.8.6] AndroidManifest.xml:83:13-37
264        <service
264-->[com.onesignal:OneSignal:4.8.6] AndroidManifest.xml:84:9-87:72
265            android:name="com.onesignal.FCMIntentJobService"
265-->[com.onesignal:OneSignal:4.8.6] AndroidManifest.xml:85:13-61
266            android:exported="false"
266-->[com.onesignal:OneSignal:4.8.6] AndroidManifest.xml:86:13-37
267            android:permission="android.permission.BIND_JOB_SERVICE" />
267-->[com.onesignal:OneSignal:4.8.6] AndroidManifest.xml:87:13-69
268        <service
268-->[com.onesignal:OneSignal:4.8.6] AndroidManifest.xml:88:9-91:43
269            android:name="com.onesignal.SyncService"
269-->[com.onesignal:OneSignal:4.8.6] AndroidManifest.xml:89:13-53
270            android:exported="false"
270-->[com.onesignal:OneSignal:4.8.6] AndroidManifest.xml:90:13-37
271            android:stopWithTask="true" />
271-->[com.onesignal:OneSignal:4.8.6] AndroidManifest.xml:91:13-40
272        <service
272-->[com.onesignal:OneSignal:4.8.6] AndroidManifest.xml:92:9-95:72
273            android:name="com.onesignal.SyncJobService"
273-->[com.onesignal:OneSignal:4.8.6] AndroidManifest.xml:93:13-56
274            android:exported="false"
274-->[com.onesignal:OneSignal:4.8.6] AndroidManifest.xml:94:13-37
275            android:permission="android.permission.BIND_JOB_SERVICE" />
275-->[com.onesignal:OneSignal:4.8.6] AndroidManifest.xml:95:13-69
276
277        <activity
277-->[com.onesignal:OneSignal:4.8.6] AndroidManifest.xml:97:9-100:75
278            android:name="com.onesignal.PermissionsActivity"
278-->[com.onesignal:OneSignal:4.8.6] AndroidManifest.xml:98:13-61
279            android:exported="false"
279-->[com.onesignal:OneSignal:4.8.6] AndroidManifest.xml:99:13-37
280            android:theme="@android:style/Theme.Translucent.NoTitleBar" />
280-->[com.onesignal:OneSignal:4.8.6] AndroidManifest.xml:100:13-72
281
282        <receiver
282-->[com.onesignal:OneSignal:4.8.6] AndroidManifest.xml:102:9-104:39
283            android:name="com.onesignal.NotificationDismissReceiver"
283-->[com.onesignal:OneSignal:4.8.6] AndroidManifest.xml:103:13-69
284            android:exported="true" />
284-->[com.onesignal:OneSignal:4.8.6] AndroidManifest.xml:104:13-36
285        <receiver
285-->[com.onesignal:OneSignal:4.8.6] AndroidManifest.xml:105:9-112:20
286            android:name="com.onesignal.BootUpReceiver"
286-->[com.onesignal:OneSignal:4.8.6] AndroidManifest.xml:106:13-56
287            android:exported="true" >
287-->[com.onesignal:OneSignal:4.8.6] AndroidManifest.xml:107:13-36
288            <intent-filter>
288-->[com.onesignal:OneSignal:4.8.6] AndroidManifest.xml:108:13-111:29
289                <action android:name="android.intent.action.BOOT_COMPLETED" />
289-->[com.onesignal:OneSignal:4.8.6] AndroidManifest.xml:109:17-79
289-->[com.onesignal:OneSignal:4.8.6] AndroidManifest.xml:109:25-76
290                <action android:name="android.intent.action.QUICKBOOT_POWERON" />
290-->[com.onesignal:OneSignal:4.8.6] AndroidManifest.xml:110:17-82
290-->[com.onesignal:OneSignal:4.8.6] AndroidManifest.xml:110:25-79
291            </intent-filter>
292        </receiver>
293        <receiver
293-->[com.onesignal:OneSignal:4.8.6] AndroidManifest.xml:113:9-119:20
294            android:name="com.onesignal.UpgradeReceiver"
294-->[com.onesignal:OneSignal:4.8.6] AndroidManifest.xml:114:13-57
295            android:exported="true" >
295-->[com.onesignal:OneSignal:4.8.6] AndroidManifest.xml:115:13-36
296            <intent-filter>
296-->[com.onesignal:OneSignal:4.8.6] AndroidManifest.xml:116:13-118:29
297                <action android:name="android.intent.action.MY_PACKAGE_REPLACED" />
297-->[com.onesignal:OneSignal:4.8.6] AndroidManifest.xml:117:17-84
297-->[com.onesignal:OneSignal:4.8.6] AndroidManifest.xml:117:25-81
298            </intent-filter>
299        </receiver>
300
301        <activity
301-->[com.onesignal:OneSignal:4.8.6] AndroidManifest.xml:121:9-127:75